<?xml version="1.0" encoding="UTF-8"?>
<!-- Generated by org.testng.reporters.JUnitReportReporter -->
<testsuite hostname="DESKTOP-6HHGQIO" failures="0" tests="1" name="testCases.TC002_LoginTest" time="1.444" errors="0" timestamp="2024-11-15T05:29:36 IST" skipped="0">
  <testcase classname="testCases.TC002_LoginTest" name="verify_login" time="1.444"/>
</testsuite> <!-- testCases.TC002_LoginTest -->
