<?xml version="1.0" encoding="UTF-8"?>
<!-- Generated by org.testng.reporters.JUnitReportReporter -->
<testsuite hostname="DESKTOP-6HHGQIO" failures="0" tests="1" name="testCases.TC002_LoginTest" time="2.028" errors="0" timestamp="2024-11-15T06:23:45 IST" skipped="0">
  <testcase classname="testCases.TC002_LoginTest" name="verify_login" time="2.028"/>
</testsuite> <!-- testCases.TC002_LoginTest -->
